{"timestamp":"2026-06-21T14:47:21.733711Z","level":"info","event":"::group::Pre Execute","logger":"task","filename":"task_runner.py","lineno":1926}
{"timestamp":"2026-06-21T14:47:22.373798Z","level":"info","event":"DAG bundles loaded: dags-folder, example_dags","run_id":"manual__2026-06-21T14:47:05.243673+00:00","dag_id":"ecommerce_pipeline","try_number":1,"task_id":"consolidate_metrics","ti_id":"019eeaa6-434b-758f-adcc-474dbfafd1e0","map_index":-1,"logger":"airflow.dag_processing.bundles.manager.DagBundlesManager","filename":"manager.py","lineno":209}
{"timestamp":"2026-06-21T14:47:22.376422Z","level":"info","event":"Filling up the DagBag from /opt/airflow/dags/ecommerce_pipeline.py","run_id":"manual__2026-06-21T14:47:05.243673+00:00","dag_id":"ecommerce_pipeline","try_number":1,"task_id":"consolidate_metrics","ti_id":"019eeaa6-434b-758f-adcc-474dbfafd1e0","map_index":-1,"logger":"airflow.dag_processing.dagbag.BundleDagBag","filename":"dagbag.py","lineno":469}
{"timestamp":"2026-06-21T14:47:22.430687Z","level":"info","event":"Task instance is in running state","logger":"task.stdout"}
{"timestamp":"2026-06-21T14:47:22.431271Z","level":"info","event":" Previous state of the Task instance: TaskInstanceState.QUEUED","logger":"task.stdout"}
{"timestamp":"2026-06-21T14:47:22.431784Z","level":"info","event":"Current task name:consolidate_metrics","logger":"task.stdout"}
{"timestamp":"2026-06-21T14:47:22.432328Z","level":"info","event":"Dag name:ecommerce_pipeline","logger":"task.stdout"}
{"timestamp":"2026-06-21T14:47:22.431481Z","level":"info","event":"::endgroup::","run_id":"manual__2026-06-21T14:47:05.243673+00:00","dag_id":"ecommerce_pipeline","try_number":1,"task_id":"consolidate_metrics","ti_id":"019eeaa6-434b-758f-adcc-474dbfafd1e0","map_index":-1,"logger":"task","filename":"task_runner.py","lineno":1727}
{"timestamp":"2026-06-21T14:47:22.528458Z","level":"info","event":"4 categorias processadas","logger":"root","run_id":"manual__2026-06-21T14:47:05.243673+00:00","dag_id":"ecommerce_pipeline","try_number":1,"task_id":"consolidate_metrics","ti_id":"019eeaa6-434b-758f-adcc-474dbfafd1e0","map_index":-1,"filename":"ecommerce_pipeline.py","lineno":108}
{"timestamp":"2026-06-21T14:47:22.528940Z","level":"info","event":"{'category': 'jewelery', 'avg_price': 221.0, 'max_price': 695, 'min_price': 9.99, 'product_count': 4}","logger":"root","run_id":"manual__2026-06-21T14:47:05.243673+00:00","dag_id":"ecommerce_pipeline","try_number":1,"task_id":"consolidate_metrics","ti_id":"019eeaa6-434b-758f-adcc-474dbfafd1e0","map_index":-1,"filename":"ecommerce_pipeline.py","lineno":113}
{"timestamp":"2026-06-21T14:47:22.529262Z","level":"info","event":"{'category': \"men's clothing\", 'avg_price': 51.06, 'max_price': 109.95, 'min_price': 15.99, 'product_count': 4}","logger":"root","run_id":"manual__2026-06-21T14:47:05.243673+00:00","dag_id":"ecommerce_pipeline","try_number":1,"task_id":"consolidate_metrics","ti_id":"019eeaa6-434b-758f-adcc-474dbfafd1e0","map_index":-1,"filename":"ecommerce_pipeline.py","lineno":113}
{"timestamp":"2026-06-21T14:47:22.529439Z","level":"info","event":"{'category': \"women's clothing\", 'avg_price': 26.29, 'max_price': 56.99, 'min_price': 7.95, 'product_count': 6}","logger":"root","run_id":"manual__2026-06-21T14:47:05.243673+00:00","dag_id":"ecommerce_pipeline","try_number":1,"task_id":"consolidate_metrics","ti_id":"019eeaa6-434b-758f-adcc-474dbfafd1e0","map_index":-1,"filename":"ecommerce_pipeline.py","lineno":113}
{"timestamp":"2026-06-21T14:47:22.529593Z","level":"info","event":"{'category': 'electronics', 'avg_price': 332.5, 'max_price': 999.99, 'min_price': 64, 'product_count': 6}","logger":"root","run_id":"manual__2026-06-21T14:47:05.243673+00:00","dag_id":"ecommerce_pipeline","try_number":1,"task_id":"consolidate_metrics","ti_id":"019eeaa6-434b-758f-adcc-474dbfafd1e0","map_index":-1,"filename":"ecommerce_pipeline.py","lineno":113}
{"timestamp":"2026-06-21T14:47:22.529781Z","level":"info","event":"Done. Returned value was: None","run_id":"manual__2026-06-21T14:47:05.243673+00:00","dag_id":"ecommerce_pipeline","try_number":1,"task_id":"consolidate_metrics","ti_id":"019eeaa6-434b-758f-adcc-474dbfafd1e0","map_index":-1,"logger":"airflow.task.operators.airflow.providers.standard.decorators.python._PythonDecoratedOperator","filename":"python.py","lineno":233}
{"timestamp":"2026-06-21T14:47:22.529923Z","level":"info","event":"::group::Post Execute","run_id":"manual__2026-06-21T14:47:05.243673+00:00","dag_id":"ecommerce_pipeline","try_number":1,"task_id":"consolidate_metrics","ti_id":"019eeaa6-434b-758f-adcc-474dbfafd1e0","map_index":-1,"logger":"task","filename":"task_runner.py","lineno":1288}
{"timestamp":"2026-06-21T14:47:22.556274Z","level":"info","event":"Task executada com sucesso","logger":"root","run_id":"manual__2026-06-21T14:47:05.243673+00:00","dag_id":"ecommerce_pipeline","try_number":1,"task_id":"consolidate_metrics","ti_id":"019eeaa6-434b-758f-adcc-474dbfafd1e0","map_index":-1,"filename":"ecommerce_pipeline.py","lineno":8}
{"timestamp":"2026-06-21T14:47:22.556946Z","level":"info","event":"::endgroup::","run_id":"manual__2026-06-21T14:47:05.243673+00:00","dag_id":"ecommerce_pipeline","try_number":1,"task_id":"consolidate_metrics","ti_id":"019eeaa6-434b-758f-adcc-474dbfafd1e0","map_index":-1,"logger":"task","filename":"task_runner.py","lineno":1896}
{"timestamp":"2026-06-21T14:47:22.558011Z","level":"info","event":"Task instance in success state","logger":"task.stdout"}
{"timestamp":"2026-06-21T14:47:22.558562Z","level":"info","event":" Previous state of the Task instance: TaskInstanceState.RUNNING","logger":"task.stdout"}
{"timestamp":"2026-06-21T14:47:22.559036Z","level":"info","event":"Task operator:<Task(_PythonDecoratedOperator): consolidate_metrics>","logger":"task.stdout"}
